<testsuites id="" name="" tests="47" failures="0" skipped="0" errors="0" time="416.53468599999997">
<testsuite name="phase5-navigation.spec.js" timestamp="2025-11-01T20:26:05.620Z" hostname="chromium" tests="47" failures="0" skipped="0" time="396.699" errors="0">
<testcase name="Phase 5: Navigation Methods &amp; Programmatic Control › Category 1: Router Instance Verification › C1-T1: Router instance exists and is globally accessible" classname="phase5-navigation.spec.js" time="3.393">
</testcase>
<testcase name="Phase 5: Navigation Methods &amp; Programmatic Control › Category 1: Router Instance Verification › C1-T2: Router has all required navigation methods" classname="phase5-navigation.spec.js" time="1.471">
</testcase>
<testcase name="Phase 5: Navigation Methods &amp; Programmatic Control › Category 1: Router Instance Verification › C1-T3: Router.currentRoute is initialized with home route" classname="phase5-navigation.spec.js" time="3.132">
</testcase>
<testcase name="Phase 5: Navigation Methods &amp; Programmatic Control › Category 1: Router Instance Verification › C1-T4: Router instance is ready after page load" classname="phase5-navigation.spec.js" time="3.466">
</testcase>
<testcase name="Phase 5: Navigation Methods &amp; Programmatic Control › Category 2: Basic Push Navigation › C2-T1: router.push() with string path navigates to /about" classname="phase5-navigation.spec.js" time="4.452">
</testcase>
<testcase name="Phase 5: Navigation Methods &amp; Programmatic Control › Category 2: Basic Push Navigation › C2-T2: router.push() with string path navigates to /search" classname="phase5-navigation.spec.js" time="4.585">
</testcase>
<testcase name="Phase 5: Navigation Methods &amp; Programmatic Control › Category 2: Basic Push Navigation › C2-T3: router.push() returns a Promise" classname="phase5-navigation.spec.js" time="4.273">
</testcase>
<testcase name="Phase 5: Navigation Methods &amp; Programmatic Control › Category 2: Basic Push Navigation › C2-T4: Multiple consecutive push calls work correctly" classname="phase5-navigation.spec.js" time="6.663">
</testcase>
<testcase name="Phase 5: Navigation Methods &amp; Programmatic Control › Category 2: Basic Push Navigation › C2-T5: push() navigation updates page title" classname="phase5-navigation.spec.js" time="5.064">
</testcase>
<testcase name="Phase 5: Navigation Methods &amp; Programmatic Control › Category 3: Dynamic Route Navigation (Parameters) › C3-T1: router.push() with dynamic :id parameter" classname="phase5-navigation.spec.js" time="6.211">
</testcase>
<testcase name="Phase 5: Navigation Methods &amp; Programmatic Control › Category 3: Dynamic Route Navigation (Parameters) › C3-T2: router.push() with string parameter (:username)" classname="phase5-navigation.spec.js" time="5.93">
</testcase>
<testcase name="Phase 5: Navigation Methods &amp; Programmatic Control › Category 3: Dynamic Route Navigation (Parameters) › C3-T3: router.push() with nested parameters (:categoryId/item/:itemId)" classname="phase5-navigation.spec.js" time="8.257">
</testcase>
<testcase name="Phase 5: Navigation Methods &amp; Programmatic Control › Category 3: Dynamic Route Navigation (Parameters) › C3-T4: Parameter changes trigger route update" classname="phase5-navigation.spec.js" time="7.63">
</testcase>
<testcase name="Phase 5: Navigation Methods &amp; Programmatic Control › Category 3: Dynamic Route Navigation (Parameters) › C3-T5: Different parameter values render different content" classname="phase5-navigation.spec.js" time="6.907">
</testcase>
<testcase name="Phase 5: Navigation Methods &amp; Programmatic Control › Category 4: Query String Navigation › C4-T1: router.push() with query parameters" classname="phase5-navigation.spec.js" time="12.949">
</testcase>
<testcase name="Phase 5: Navigation Methods &amp; Programmatic Control › Category 4: Query String Navigation › C4-T2: Query parameters preserved in URL" classname="phase5-navigation.spec.js" time="5.994">
</testcase>
<testcase name="Phase 5: Navigation Methods &amp; Programmatic Control › Category 4: Query String Navigation › C4-T3: Query parameters update on new navigation" classname="phase5-navigation.spec.js" time="3.804">
</testcase>
<testcase name="Phase 5: Navigation Methods &amp; Programmatic Control › Category 5: Push Navigation with Object Location › C5-T1: router.push() with location object { path }" classname="phase5-navigation.spec.js" time="9.142">
</testcase>
<testcase name="Phase 5: Navigation Methods &amp; Programmatic Control › Category 5: Push Navigation with Object Location › C5-T2: router.push() with location object and route name" classname="phase5-navigation.spec.js" time="9.71">
</testcase>
<testcase name="Phase 5: Navigation Methods &amp; Programmatic Control › Category 5: Push Navigation with Object Location › C5-T3: router.push() with dynamic route via object" classname="phase5-navigation.spec.js" time="2.667">
</testcase>
<testcase name="Phase 5: Navigation Methods &amp; Programmatic Control › Category 6: Replace Navigation › C6-T1: router.replace() navigates to new route" classname="phase5-navigation.spec.js" time="3.749">
</testcase>
<testcase name="Phase 5: Navigation Methods &amp; Programmatic Control › Category 6: Replace Navigation › C6-T2: router.replace() does not add to history (back should skip replaced route)" classname="phase5-navigation.spec.js" time="6.094">
</testcase>
<testcase name="Phase 5: Navigation Methods &amp; Programmatic Control › Category 6: Replace Navigation › C6-T3: router.replace() with dynamic route parameter" classname="phase5-navigation.spec.js" time="10.723">
</testcase>
<testcase name="Phase 5: Navigation Methods &amp; Programmatic Control › Category 6: Replace Navigation › C6-T4: router.replace() returns a Promise" classname="phase5-navigation.spec.js" time="9.21">
</testcase>
<testcase name="Phase 5: Navigation Methods &amp; Programmatic Control › Category 6: Replace Navigation › C6-T5: Multiple replace calls do not bloat history" classname="phase5-navigation.spec.js" time="12.406">
</testcase>
<testcase name="Phase 5: Navigation Methods &amp; Programmatic Control › Category 7: History Navigation (back, forward, go) › C7-T1: router.back() navigates to previous route" classname="phase5-navigation.spec.js" time="11.356">
</testcase>
<testcase name="Phase 5: Navigation Methods &amp; Programmatic Control › Category 7: History Navigation (back, forward, go) › C7-T2: router.back() returns a Promise" classname="phase5-navigation.spec.js" time="10.12">
</testcase>
<testcase name="Phase 5: Navigation Methods &amp; Programmatic Control › Category 7: History Navigation (back, forward, go) › C7-T3: router.forward() navigates to next route in history" classname="phase5-navigation.spec.js" time="10.976">
</testcase>
<testcase name="Phase 5: Navigation Methods &amp; Programmatic Control › Category 7: History Navigation (back, forward, go) › C7-T4: router.forward() returns a Promise" classname="phase5-navigation.spec.js" time="2.501">
</testcase>
<testcase name="Phase 5: Navigation Methods &amp; Programmatic Control › Category 7: History Navigation (back, forward, go) › C7-T5: router.go(n) navigates through history" classname="phase5-navigation.spec.js" time="13.482">
</testcase>
<testcase name="Phase 5: Navigation Methods &amp; Programmatic Control › Category 7: History Navigation (back, forward, go) › C7-T6: router.go(n) with positive n goes forward" classname="phase5-navigation.spec.js" time="15.663">
</testcase>
<testcase name="Phase 5: Navigation Methods &amp; Programmatic Control › Category 7: History Navigation (back, forward, go) › C7-T7: router.go() returns a Promise" classname="phase5-navigation.spec.js" time="2.957">
</testcase>
<testcase name="Phase 5: Navigation Methods &amp; Programmatic Control › Category 8: Navigation State &amp; Consistency › C8-T1: currentRoute reflects actual navigation state" classname="phase5-navigation.spec.js" time="11.818">
</testcase>
<testcase name="Phase 5: Navigation Methods &amp; Programmatic Control › Category 8: Navigation State &amp; Consistency › C8-T2: Component renders for navigated route" classname="phase5-navigation.spec.js" time="16.381">
</testcase>
<testcase name="Phase 5: Navigation Methods &amp; Programmatic Control › Category 8: Navigation State &amp; Consistency › C8-T3: URL updates match router.currentRoute.path" classname="phase5-navigation.spec.js" time="16.256">
</testcase>
<testcase name="Phase 5: Navigation Methods &amp; Programmatic Control › Category 8: Navigation State &amp; Consistency › C8-T4: Navigation completes without console errors" classname="phase5-navigation.spec.js" time="13.346">
</testcase>
<testcase name="Phase 5: Navigation Methods &amp; Programmatic Control › Category 8: Navigation State &amp; Consistency › C8-T5: Rapid consecutive navigations are handled correctly" classname="phase5-navigation.spec.js" time="3.954">
</testcase>
<testcase name="Phase 5: Navigation Methods &amp; Programmatic Control › Category 9: Edge Cases &amp; Error Handling › C9-T1: Navigation to invalid route shows 404" classname="phase5-navigation.spec.js" time="9.618">
</testcase>
<testcase name="Phase 5: Navigation Methods &amp; Programmatic Control › Category 9: Edge Cases &amp; Error Handling › C9-T2: Navigating to root path works" classname="phase5-navigation.spec.js" time="15.205">
</testcase>
<testcase name="Phase 5: Navigation Methods &amp; Programmatic Control › Category 9: Edge Cases &amp; Error Handling › C9-T3: Navigation with trailing slashes handled" classname="phase5-navigation.spec.js" time="8.728">
</testcase>
<testcase name="Phase 5: Navigation Methods &amp; Programmatic Control › Category 9: Edge Cases &amp; Error Handling › C9-T4: Back/forward at history boundaries" classname="phase5-navigation.spec.js" time="6.845">
</testcase>
<testcase name="Phase 5: Navigation Methods &amp; Programmatic Control › Category 9: Edge Cases &amp; Error Handling › C9-T5: Empty string navigation defaults to root" classname="phase5-navigation.spec.js" time="15.161">
</testcase>
<testcase name="Phase 5: Navigation Methods &amp; Programmatic Control › Category 10: Integration &amp; Combined Operations › C10-T1: Push, back, forward sequence" classname="phase5-navigation.spec.js" time="11.773">
</testcase>
<testcase name="Phase 5: Navigation Methods &amp; Programmatic Control › Category 10: Integration &amp; Combined Operations › C10-T2: Replace followed by back/forward" classname="phase5-navigation.spec.js" time="6.361">
</testcase>
<testcase name="Phase 5: Navigation Methods &amp; Programmatic Control › Category 10: Integration &amp; Combined Operations › C10-T3: Mix of string and object location navigation" classname="phase5-navigation.spec.js" time="18.644">
</testcase>
<testcase name="Phase 5: Navigation Methods &amp; Programmatic Control › Category 10: Integration &amp; Combined Operations › C10-T4: Navigate with parameters, then back, then forward" classname="phase5-navigation.spec.js" time="7.066">
</testcase>
<testcase name="Phase 5: Navigation Methods &amp; Programmatic Control › Category 10: Integration &amp; Combined Operations › C10-T5: Navigate, replace, then back to see if replace affects history" classname="phase5-navigation.spec.js" time="10.606">
</testcase>
</testsuite>
</testsuites>